[debug] [2021-06-30T08:08:46.954Z] ----------------------------------------------------------------------
[debug] [2021-06-30T08:08:46.957Z] Command:       /usr/bin/node /home/salman/.local/bin/firebase emulators:start --only functions
[debug] [2021-06-30T08:08:46.958Z] CLI Version:   9.12.1
[debug] [2021-06-30T08:08:46.958Z] Platform:      linux
[debug] [2021-06-30T08:08:46.958Z] Node Version:  v16.4.0
[debug] [2021-06-30T08:08:46.959Z] Time:          Wed Jun 30 2021 14:08:46 GMT+0600 (Bangladesh Standard Time)
[debug] [2021-06-30T08:08:46.959Z] ----------------------------------------------------------------------
[debug] 
[debug] [2021-06-30T08:08:46.971Z] > command requires scopes: ["email","openid","https://www.googleapis.com/auth/cloudplatformprojects.readonly","https://www.googleapis.com/auth/firebase","https://www.googleapis.com/auth/cloud-platform"]
[debug] [2021-06-30T08:08:46.976Z] > authorizing via signed-in user (salman104alvi@gmail.com)
[info] i  emulators: Starting emulators: functions {"metadata":{"emulator":{"name":"hub"},"message":"Starting emulators: functions"}}
[debug] [2021-06-30T08:08:47.009Z] [hub] writing locator at /tmp/hub-three-zero-club.json
[warn] ⚠  functions: The following emulators are not running, calls to these services from the Functions emulator will affect production: auth, firestore, database, hosting, pubsub, storage {"metadata":{"emulator":{"name":"functions"},"message":"The following emulators are not running, calls to these services from the Functions emulator will affect production: \u001b[1mauth, firestore, database, hosting, pubsub, storage\u001b[22m"}}
[warn] ⚠  Your requested "node" version "12" doesn't match your global version "16" {"metadata":{"emulator":{"name":"functions"},"message":"Your requested \"node\" version \"12\" doesn't match your global version \"16\""}}
[debug] [2021-06-30T08:08:47.059Z] defaultcredentials: writing to file /home/salman/.config/firebase/salman104alvi_gmail_com_application_default_credentials.json
[debug] [2021-06-30T08:08:47.062Z] Setting GAC to /home/salman/.config/firebase/salman104alvi_gmail_com_application_default_credentials.json {"metadata":{"emulator":{"name":"functions"},"message":"Setting GAC to /home/salman/.config/firebase/salman104alvi_gmail_com_application_default_credentials.json"}}
[debug] [2021-06-30T08:08:47.065Z] >>> [apiv2][query] GET https://firebase.googleapis.com/v1beta1/projects/three-zero-club/adminSdkConfig [none]
[debug] [2021-06-30T08:08:47.777Z] <<< [apiv2][status] GET https://firebase.googleapis.com/v1beta1/projects/three-zero-club/adminSdkConfig 200
[debug] [2021-06-30T08:08:47.777Z] <<< [apiv2][body] GET https://firebase.googleapis.com/v1beta1/projects/three-zero-club/adminSdkConfig {"projectId":"three-zero-club","databaseURL":"https://three-zero-club-default-rtdb.firebaseio.com","storageBucket":"three-zero-club.appspot.com","locationId":"us-central"}
[debug] [2021-06-30T08:08:47.797Z] Ignoring unsupported arg: auto_download {"metadata":{"emulator":{"name":"ui"},"message":"Ignoring unsupported arg: auto_download"}}
[debug] [2021-06-30T08:08:47.798Z] Ignoring unsupported arg: port {"metadata":{"emulator":{"name":"ui"},"message":"Ignoring unsupported arg: port"}}
[debug] [2021-06-30T08:08:47.798Z] Starting Emulator UI with command {"binary":"node","args":["/home/salman/.cache/firebase/emulators/ui-v1.5.0/server.bundle.js"],"optionalArgs":[],"joinArgs":false} {"metadata":{"emulator":{"name":"ui"},"message":"Starting Emulator UI with command {\"binary\":\"node\",\"args\":[\"/home/salman/.cache/firebase/emulators/ui-v1.5.0/server.bundle.js\"],\"optionalArgs\":[],\"joinArgs\":false}"}}
[info] i  ui: Emulator UI logging to ui-debug.log {"metadata":{"emulator":{"name":"ui"},"message":"Emulator UI logging to \u001b[1mui-debug.log\u001b[22m"}}
[debug] [2021-06-30T08:08:47.967Z] Web / API server started at http://localhost:4000
 {"metadata":{"emulator":{"name":"ui"},"message":"Web / API server started at http://localhost:4000\n"}}
[info] i  functions: Watching "/mnt/internal/git/yy_ventures/3ZC-backend/functions" for Cloud Functions... {"metadata":{"emulator":{"name":"functions"},"message":"Watching \"/mnt/internal/git/yy_ventures/3ZC-backend/functions\" for Cloud Functions..."}}
[debug] [2021-06-30T08:08:48.086Z] [worker-pool] addWorker(~diagnostic~) {"metadata":{"emulator":{"name":"functions"},"message":"[worker-pool] addWorker(~diagnostic~)"}}
[debug] [2021-06-30T08:08:48.087Z] [worker-pool] Adding worker with key ~diagnostic~, total=1 {"metadata":{"emulator":{"name":"functions"},"message":"[worker-pool] Adding worker with key ~diagnostic~, total=1"}}
[debug] [2021-06-30T08:08:48.087Z] [worker-pool] submitWork(triggerId=) {"metadata":{"emulator":{"name":"functions"},"message":"[worker-pool] submitWork(triggerId=)"}}
[debug] [2021-06-30T08:08:48.088Z] [worker-~diagnostic~-fdec56de-286f-458d-9007-1b6a93d07da4]: Assigning socketPath: /tmp/fire_emu_1742.sock {"metadata":{"emulator":{"name":"functions"},"message":"[worker-~diagnostic~-fdec56de-286f-458d-9007-1b6a93d07da4]: Assigning socketPath: /tmp/fire_emu_1742.sock"}}
[debug] [2021-06-30T08:08:48.088Z] [worker-~diagnostic~-fdec56de-286f-458d-9007-1b6a93d07da4]: BUSY {"metadata":{"emulator":{"name":"functions"},"message":"[worker-~diagnostic~-fdec56de-286f-458d-9007-1b6a93d07da4]: BUSY"}}
[debug] [2021-06-30T08:08:48.309Z] [runtime-status] [1742] Functions runtime initialized. {"cwd":"/mnt/internal/git/yy_ventures/3ZC-backend/functions","node_version":"16.4.0"} {"metadata":{"emulator":{"name":"functions"},"message":"[runtime-status] [1742] Functions runtime initialized. {\"cwd\":\"/mnt/internal/git/yy_ventures/3ZC-backend/functions\",\"node_version\":\"16.4.0\"}"}}
[debug] [2021-06-30T08:08:48.312Z] [runtime-status] [1742] Disabled runtime features: undefined {"metadata":{"emulator":{"name":"functions"},"message":"[runtime-status] [1742] Disabled runtime features: undefined"}}
[debug] [2021-06-30T08:08:48.314Z] [runtime-status] [1742] Resolved module firebase-admin {"declared":true,"installed":true,"version":"9.10.0","resolution":"/mnt/internal/git/yy_ventures/3ZC-backend/functions/node_modules/firebase-admin/lib/index.js"} {"metadata":{"emulator":{"name":"functions"},"message":"[runtime-status] [1742] Resolved module firebase-admin {\"declared\":true,\"installed\":true,\"version\":\"9.10.0\",\"resolution\":\"/mnt/internal/git/yy_ventures/3ZC-backend/functions/node_modules/firebase-admin/lib/index.js\"}"}}
[debug] [2021-06-30T08:08:48.315Z] [runtime-status] [1742] Resolved module firebase-functions {"declared":true,"installed":true,"version":"3.14.1","resolution":"/mnt/internal/git/yy_ventures/3ZC-backend/functions/node_modules/firebase-functions/lib/index.js"} {"metadata":{"emulator":{"name":"functions"},"message":"[runtime-status] [1742] Resolved module firebase-functions {\"declared\":true,\"installed\":true,\"version\":\"3.14.1\",\"resolution\":\"/mnt/internal/git/yy_ventures/3ZC-backend/functions/node_modules/firebase-functions/lib/index.js\"}"}}
[debug] [2021-06-30T08:08:48.318Z] [runtime-status] [1742] Resolved module firebase-functions {"declared":true,"installed":true,"version":"3.14.1","resolution":"/mnt/internal/git/yy_ventures/3ZC-backend/functions/node_modules/firebase-functions/lib/index.js"} {"metadata":{"emulator":{"name":"functions"},"message":"[runtime-status] [1742] Resolved module firebase-functions {\"declared\":true,\"installed\":true,\"version\":\"3.14.1\",\"resolution\":\"/mnt/internal/git/yy_ventures/3ZC-backend/functions/node_modules/firebase-functions/lib/index.js\"}"}}
[debug] [2021-06-30T08:08:48.321Z] [runtime-status] [1742] Outgoing network have been stubbed. [{"name":"http","status":"mocked"},{"name":"http","status":"mocked"},{"name":"https","status":"mocked"},{"name":"https","status":"mocked"},{"name":"net","status":"mocked"}] {"metadata":{"emulator":{"name":"functions"},"message":"[runtime-status] [1742] Outgoing network have been stubbed. [{\"name\":\"http\",\"status\":\"mocked\"},{\"name\":\"http\",\"status\":\"mocked\"},{\"name\":\"https\",\"status\":\"mocked\"},{\"name\":\"https\",\"status\":\"mocked\"},{\"name\":\"net\",\"status\":\"mocked\"}]"}}
[debug] [2021-06-30T08:08:48.322Z] [runtime-status] [1742] Resolved module firebase-functions {"declared":true,"installed":true,"version":"3.14.1","resolution":"/mnt/internal/git/yy_ventures/3ZC-backend/functions/node_modules/firebase-functions/lib/index.js"} {"metadata":{"emulator":{"name":"functions"},"message":"[runtime-status] [1742] Resolved module firebase-functions {\"declared\":true,\"installed\":true,\"version\":\"3.14.1\",\"resolution\":\"/mnt/internal/git/yy_ventures/3ZC-backend/functions/node_modules/firebase-functions/lib/index.js\"}"}}
[debug] [2021-06-30T08:08:48.391Z] [runtime-status] [1742] Checked functions.config() {"config":{}} {"metadata":{"emulator":{"name":"functions"},"message":"[runtime-status] [1742] Checked functions.config() {\"config\":{}}"}}
[debug] [2021-06-30T08:08:48.392Z] [runtime-status] [1742] firebase-functions has been stubbed. {"functionsResolution":{"declared":true,"installed":true,"version":"3.14.1","resolution":"/mnt/internal/git/yy_ventures/3ZC-backend/functions/node_modules/firebase-functions/lib/index.js"}} {"metadata":{"emulator":{"name":"functions"},"message":"[runtime-status] [1742] firebase-functions has been stubbed. {\"functionsResolution\":{\"declared\":true,\"installed\":true,\"version\":\"3.14.1\",\"resolution\":\"/mnt/internal/git/yy_ventures/3ZC-backend/functions/node_modules/firebase-functions/lib/index.js\"}}"}}
[debug] [2021-06-30T08:08:48.393Z] [runtime-status] [1742] Resolved module firebase-functions {"declared":true,"installed":true,"version":"3.14.1","resolution":"/mnt/internal/git/yy_ventures/3ZC-backend/functions/node_modules/firebase-functions/lib/index.js"} {"metadata":{"emulator":{"name":"functions"},"message":"[runtime-status] [1742] Resolved module firebase-functions {\"declared\":true,\"installed\":true,\"version\":\"3.14.1\",\"resolution\":\"/mnt/internal/git/yy_ventures/3ZC-backend/functions/node_modules/firebase-functions/lib/index.js\"}"}}
[debug] [2021-06-30T08:08:48.395Z] [runtime-status] [1742] Resolved module firebase-admin {"declared":true,"installed":true,"version":"9.10.0","resolution":"/mnt/internal/git/yy_ventures/3ZC-backend/functions/node_modules/firebase-admin/lib/index.js"} {"metadata":{"emulator":{"name":"functions"},"message":"[runtime-status] [1742] Resolved module firebase-admin {\"declared\":true,\"installed\":true,\"version\":\"9.10.0\",\"resolution\":\"/mnt/internal/git/yy_ventures/3ZC-backend/functions/node_modules/firebase-admin/lib/index.js\"}"}}
[debug] [2021-06-30T08:08:48.397Z] [runtime-status] [1742] Resolved module firebase-functions {"declared":true,"installed":true,"version":"3.14.1","resolution":"/mnt/internal/git/yy_ventures/3ZC-backend/functions/node_modules/firebase-functions/lib/index.js"} {"metadata":{"emulator":{"name":"functions"},"message":"[runtime-status] [1742] Resolved module firebase-functions {\"declared\":true,\"installed\":true,\"version\":\"3.14.1\",\"resolution\":\"/mnt/internal/git/yy_ventures/3ZC-backend/functions/node_modules/firebase-functions/lib/index.js\"}"}}
[debug] [2021-06-30T08:08:48.397Z] [runtime-status] [1742] firebase-admin has been stubbed. {"adminResolution":{"declared":true,"installed":true,"version":"9.10.0","resolution":"/mnt/internal/git/yy_ventures/3ZC-backend/functions/node_modules/firebase-admin/lib/index.js"}} {"metadata":{"emulator":{"name":"functions"},"message":"[runtime-status] [1742] firebase-admin has been stubbed. {\"adminResolution\":{\"declared\":true,\"installed\":true,\"version\":\"9.10.0\",\"resolution\":\"/mnt/internal/git/yy_ventures/3ZC-backend/functions/node_modules/firebase-admin/lib/index.js\"}}"}}
[debug] [2021-06-30T08:08:48.604Z] [runtime-status] [1742] initializeApp(DEFAULT) {"storageBucket":"three-zero-club.appspot.com","databaseURL":"https://three-zero-club-default-rtdb.firebaseio.com","projectId":"three-zero-club"} {"metadata":{"emulator":{"name":"functions"},"message":"[runtime-status] [1742] initializeApp(DEFAULT) {\"storageBucket\":\"three-zero-club.appspot.com\",\"databaseURL\":\"https://three-zero-club-default-rtdb.firebaseio.com\",\"projectId\":\"three-zero-club\"}"}}
[warn] ⚠  functions: The Cloud Firestore emulator is not running, so calls to Firestore will affect production. {"metadata":{"emulator":{"name":"functions"},"message":"The Cloud Firestore emulator is not running, so calls to Firestore will affect production."}}
[info] ✔  functions[us-central1-send_email]: http function initialized (http://localhost:5001/three-zero-club/us-central1/send_email). {"metadata":{"emulator":{"name":"functions"},"message":"\u001b[1mhttp\u001b[22m function initialized (http://localhost:5001/three-zero-club/us-central1/send_email)."}}
[info] i  functions[us-central1-sign_up_club]: function ignored because the firestore emulator does not exist or is not running. {"metadata":{"emulator":{"name":"functions"},"message":"function ignored because the firestore emulator does not exist or is not running."}}
[info] i  functions[us-central1-sign_up_member]: function ignored because the firestore emulator does not exist or is not running. {"metadata":{"emulator":{"name":"functions"},"message":"function ignored because the firestore emulator does not exist or is not running."}}
[info] 
┌─────────────────────────────────────────────────────────────┐
│ ✔  All emulators ready! It is now safe to connect your app. │
│ i  View Emulator UI at http://localhost:4000                │
└─────────────────────────────────────────────────────────────┘

┌───────────┬────────────────┬─────────────────────────────────┐
│ Emulator  │ Host:Port      │ View in Emulator UI             │
├───────────┼────────────────┼─────────────────────────────────┤
│ Functions │ localhost:5001 │ http://localhost:4000/functions │
└───────────┴────────────────┴─────────────────────────────────┘
  Emulator Hub running at localhost:4400
  Other reserved ports: 4500

Issues? Report them at https://github.com/firebase/firebase-tools/issues and attach the *-debug.log files.
 
[debug] [2021-06-30T08:08:48.643Z] [worker-~diagnostic~-fdec56de-286f-458d-9007-1b6a93d07da4]: IDLE {"metadata":{"emulator":{"name":"functions"},"message":"[worker-~diagnostic~-fdec56de-286f-458d-9007-1b6a93d07da4]: IDLE"}}
[debug] [2021-06-30T08:08:59.861Z] [work-queue] {"queueLength":1,"workRunningCount":0}
[debug] [2021-06-30T08:08:59.862Z] [work-queue] {"queueLength":0,"workRunningCount":1}
[debug] [2021-06-30T08:08:59.862Z] Accepted request POST /three-zero-club/us-central1/send_email --> us-central1-send_email
[debug] [2021-06-30T08:08:59.872Z] [worker-pool] addWorker(us-central1-send_email) {"metadata":{"emulator":{"name":"functions"},"message":"[worker-pool] addWorker(us-central1-send_email)"}}
[debug] [2021-06-30T08:08:59.873Z] [worker-pool] Adding worker with key us-central1-send_email, total=1 {"metadata":{"emulator":{"name":"functions"},"message":"[worker-pool] Adding worker with key us-central1-send_email, total=1"}}
[debug] [2021-06-30T08:08:59.873Z] [worker-pool] submitWork(triggerId=us-central1-send_email) {"metadata":{"emulator":{"name":"functions"},"message":"[worker-pool] submitWork(triggerId=us-central1-send_email)"}}
[debug] [2021-06-30T08:08:59.873Z] [worker-us-central1-send_email-baabc144-33f8-43b8-bb9a-827f446cb3c7]: Assigning socketPath: /tmp/fire_emu_1910.sock {"metadata":{"emulator":{"name":"functions"},"message":"[worker-us-central1-send_email-baabc144-33f8-43b8-bb9a-827f446cb3c7]: Assigning socketPath: /tmp/fire_emu_1910.sock"}}
[debug] [2021-06-30T08:08:59.874Z] [worker-us-central1-send_email-baabc144-33f8-43b8-bb9a-827f446cb3c7]: BUSY {"metadata":{"emulator":{"name":"functions"},"message":"[worker-us-central1-send_email-baabc144-33f8-43b8-bb9a-827f446cb3c7]: BUSY"}}
[debug] [2021-06-30T08:09:00.086Z] [runtime-status] [1910] Functions runtime initialized. {"cwd":"/mnt/internal/git/yy_ventures/3ZC-backend/functions","node_version":"16.4.0"} {"metadata":{"emulator":{"name":"functions"},"function":{"name":"us-central1-send_email"},"message":"[runtime-status] [1910] Functions runtime initialized. {\"cwd\":\"/mnt/internal/git/yy_ventures/3ZC-backend/functions\",\"node_version\":\"16.4.0\"}"}}
[debug] [2021-06-30T08:09:00.088Z] [runtime-status] [1910] Disabled runtime features: undefined {"metadata":{"emulator":{"name":"functions"},"function":{"name":"us-central1-send_email"},"message":"[runtime-status] [1910] Disabled runtime features: undefined"}}
[debug] [2021-06-30T08:09:00.091Z] [runtime-status] [1910] Resolved module firebase-admin {"declared":true,"installed":true,"version":"9.10.0","resolution":"/mnt/internal/git/yy_ventures/3ZC-backend/functions/node_modules/firebase-admin/lib/index.js"} {"metadata":{"emulator":{"name":"functions"},"function":{"name":"us-central1-send_email"},"message":"[runtime-status] [1910] Resolved module firebase-admin {\"declared\":true,\"installed\":true,\"version\":\"9.10.0\",\"resolution\":\"/mnt/internal/git/yy_ventures/3ZC-backend/functions/node_modules/firebase-admin/lib/index.js\"}"}}
[debug] [2021-06-30T08:09:00.093Z] [runtime-status] [1910] Resolved module firebase-functions {"declared":true,"installed":true,"version":"3.14.1","resolution":"/mnt/internal/git/yy_ventures/3ZC-backend/functions/node_modules/firebase-functions/lib/index.js"} {"metadata":{"emulator":{"name":"functions"},"function":{"name":"us-central1-send_email"},"message":"[runtime-status] [1910] Resolved module firebase-functions {\"declared\":true,\"installed\":true,\"version\":\"3.14.1\",\"resolution\":\"/mnt/internal/git/yy_ventures/3ZC-backend/functions/node_modules/firebase-functions/lib/index.js\"}"}}
[debug] [2021-06-30T08:09:00.094Z] [runtime-status] [1910] Resolved module firebase-functions {"declared":true,"installed":true,"version":"3.14.1","resolution":"/mnt/internal/git/yy_ventures/3ZC-backend/functions/node_modules/firebase-functions/lib/index.js"} {"metadata":{"emulator":{"name":"functions"},"function":{"name":"us-central1-send_email"},"message":"[runtime-status] [1910] Resolved module firebase-functions {\"declared\":true,\"installed\":true,\"version\":\"3.14.1\",\"resolution\":\"/mnt/internal/git/yy_ventures/3ZC-backend/functions/node_modules/firebase-functions/lib/index.js\"}"}}
[debug] [2021-06-30T08:09:00.097Z] [runtime-status] [1910] Outgoing network have been stubbed. [{"name":"http","status":"mocked"},{"name":"http","status":"mocked"},{"name":"https","status":"mocked"},{"name":"https","status":"mocked"},{"name":"net","status":"mocked"}] {"metadata":{"emulator":{"name":"functions"},"function":{"name":"us-central1-send_email"},"message":"[runtime-status] [1910] Outgoing network have been stubbed. [{\"name\":\"http\",\"status\":\"mocked\"},{\"name\":\"http\",\"status\":\"mocked\"},{\"name\":\"https\",\"status\":\"mocked\"},{\"name\":\"https\",\"status\":\"mocked\"},{\"name\":\"net\",\"status\":\"mocked\"}]"}}
[debug] [2021-06-30T08:09:00.099Z] [runtime-status] [1910] Resolved module firebase-functions {"declared":true,"installed":true,"version":"3.14.1","resolution":"/mnt/internal/git/yy_ventures/3ZC-backend/functions/node_modules/firebase-functions/lib/index.js"} {"metadata":{"emulator":{"name":"functions"},"function":{"name":"us-central1-send_email"},"message":"[runtime-status] [1910] Resolved module firebase-functions {\"declared\":true,\"installed\":true,\"version\":\"3.14.1\",\"resolution\":\"/mnt/internal/git/yy_ventures/3ZC-backend/functions/node_modules/firebase-functions/lib/index.js\"}"}}
[debug] [2021-06-30T08:09:00.158Z] [runtime-status] [1910] Checked functions.config() {"config":{}} {"metadata":{"emulator":{"name":"functions"},"function":{"name":"us-central1-send_email"},"message":"[runtime-status] [1910] Checked functions.config() {\"config\":{}}"}}
[debug] [2021-06-30T08:09:00.159Z] [runtime-status] [1910] firebase-functions has been stubbed. {"functionsResolution":{"declared":true,"installed":true,"version":"3.14.1","resolution":"/mnt/internal/git/yy_ventures/3ZC-backend/functions/node_modules/firebase-functions/lib/index.js"}} {"metadata":{"emulator":{"name":"functions"},"function":{"name":"us-central1-send_email"},"message":"[runtime-status] [1910] firebase-functions has been stubbed. {\"functionsResolution\":{\"declared\":true,\"installed\":true,\"version\":\"3.14.1\",\"resolution\":\"/mnt/internal/git/yy_ventures/3ZC-backend/functions/node_modules/firebase-functions/lib/index.js\"}}"}}
[debug] [2021-06-30T08:09:00.160Z] [runtime-status] [1910] Resolved module firebase-functions {"declared":true,"installed":true,"version":"3.14.1","resolution":"/mnt/internal/git/yy_ventures/3ZC-backend/functions/node_modules/firebase-functions/lib/index.js"} {"metadata":{"emulator":{"name":"functions"},"function":{"name":"us-central1-send_email"},"message":"[runtime-status] [1910] Resolved module firebase-functions {\"declared\":true,\"installed\":true,\"version\":\"3.14.1\",\"resolution\":\"/mnt/internal/git/yy_ventures/3ZC-backend/functions/node_modules/firebase-functions/lib/index.js\"}"}}
[debug] [2021-06-30T08:09:00.163Z] [runtime-status] [1910] Resolved module firebase-admin {"declared":true,"installed":true,"version":"9.10.0","resolution":"/mnt/internal/git/yy_ventures/3ZC-backend/functions/node_modules/firebase-admin/lib/index.js"} {"metadata":{"emulator":{"name":"functions"},"function":{"name":"us-central1-send_email"},"message":"[runtime-status] [1910] Resolved module firebase-admin {\"declared\":true,\"installed\":true,\"version\":\"9.10.0\",\"resolution\":\"/mnt/internal/git/yy_ventures/3ZC-backend/functions/node_modules/firebase-admin/lib/index.js\"}"}}
[debug] [2021-06-30T08:09:00.164Z] [runtime-status] [1910] Resolved module firebase-functions {"declared":true,"installed":true,"version":"3.14.1","resolution":"/mnt/internal/git/yy_ventures/3ZC-backend/functions/node_modules/firebase-functions/lib/index.js"} {"metadata":{"emulator":{"name":"functions"},"function":{"name":"us-central1-send_email"},"message":"[runtime-status] [1910] Resolved module firebase-functions {\"declared\":true,\"installed\":true,\"version\":\"3.14.1\",\"resolution\":\"/mnt/internal/git/yy_ventures/3ZC-backend/functions/node_modules/firebase-functions/lib/index.js\"}"}}
[debug] [2021-06-30T08:09:00.164Z] [runtime-status] [1910] firebase-admin has been stubbed. {"adminResolution":{"declared":true,"installed":true,"version":"9.10.0","resolution":"/mnt/internal/git/yy_ventures/3ZC-backend/functions/node_modules/firebase-admin/lib/index.js"}} {"metadata":{"emulator":{"name":"functions"},"function":{"name":"us-central1-send_email"},"message":"[runtime-status] [1910] firebase-admin has been stubbed. {\"adminResolution\":{\"declared\":true,\"installed\":true,\"version\":\"9.10.0\",\"resolution\":\"/mnt/internal/git/yy_ventures/3ZC-backend/functions/node_modules/firebase-admin/lib/index.js\"}}"}}
[debug] [2021-06-30T08:09:00.369Z] [runtime-status] [1910] initializeApp(DEFAULT) {"storageBucket":"three-zero-club.appspot.com","databaseURL":"https://three-zero-club-default-rtdb.firebaseio.com","projectId":"three-zero-club"} {"metadata":{"emulator":{"name":"functions"},"function":{"name":"us-central1-send_email"},"message":"[runtime-status] [1910] initializeApp(DEFAULT) {\"storageBucket\":\"three-zero-club.appspot.com\",\"databaseURL\":\"https://three-zero-club-default-rtdb.firebaseio.com\",\"projectId\":\"three-zero-club\"}"}}
[debug] [2021-06-30T08:09:00.401Z] [runtime-status] [1910] Trigger "us-central1-send_email" has been found, beginning invocation! {"metadata":{"emulator":{"name":"functions"},"function":{"name":"us-central1-send_email"},"message":"[runtime-status] [1910] Trigger \"us-central1-send_email\" has been found, beginning invocation!"}}
[info] i  functions: Beginning execution of "us-central1-send_email" {"metadata":{"emulator":{"name":"functions"},"function":{"name":"us-central1-send_email"},"message":"Beginning execution of \"us-central1-send_email\""}}
[debug] [2021-06-30T08:09:00.402Z] [runtime-status] [1910] triggerDefinition {"httpsTrigger":{},"name":"send_email","entryPoint":"send_email","regions":["us-central1"],"region":"us-central1","id":"us-central1-send_email"} {"metadata":{"emulator":{"name":"functions"},"function":{"name":"us-central1-send_email"},"message":"[runtime-status] [1910] triggerDefinition {\"httpsTrigger\":{},\"name\":\"send_email\",\"entryPoint\":\"send_email\",\"regions\":[\"us-central1\"],\"region\":\"us-central1\",\"id\":\"us-central1-send_email\"}"}}
[debug] [2021-06-30T08:09:00.403Z] [runtime-status] [1910] Running us-central1-send_email in mode HTTPS {"metadata":{"emulator":{"name":"functions"},"function":{"name":"us-central1-send_email"},"message":"[runtime-status] [1910] Running us-central1-send_email in mode HTTPS"}}
[debug] [2021-06-30T08:09:00.408Z] [runtime-status] [1910] Attempting to listen to socketPath: /tmp/fire_emu_1910.sock {"metadata":{"emulator":{"name":"functions"},"function":{"name":"us-central1-send_email"},"message":"[runtime-status] [1910] Attempting to listen to socketPath: /tmp/fire_emu_1910.sock"}}
[debug] [2021-06-30T08:09:00.413Z] [functions] Runtime ready! Sending request! {"metadata":{"emulator":{"name":"functions"},"message":"[functions] Runtime ready! Sending request!"}}
[debug] [2021-06-30T08:09:00.415Z] [functions] Got req.url=/three-zero-club/us-central1/send_email, mapping to path=/ {"metadata":{"emulator":{"name":"functions"},"message":"[functions] Got req.url=/three-zero-club/us-central1/send_email, mapping to path=/"}}
[debug] [2021-06-30T08:09:00.451Z] [runtime-status] [1910] Ephemeral server handling POST request {"metadata":{"emulator":{"name":"functions"},"function":{"name":"us-central1-send_email"},"message":"[runtime-status] [1910] Ephemeral server handling POST request"}}
[debug] [2021-06-30T08:09:00.485Z] [runtime-status] [1910] Ephemeral server survived. {"metadata":{"emulator":{"name":"functions"},"function":{"name":"us-central1-send_email"},"message":"[runtime-status] [1910] Ephemeral server survived."}}
[info] i  functions: Finished "us-central1-send_email" in ~1s {"metadata":{"emulator":{"name":"functions"},"function":{"name":"us-central1-send_email"},"message":"Finished \"us-central1-send_email\" in ~1s"}}
[debug] [2021-06-30T08:09:00.487Z] [worker-us-central1-send_email-baabc144-33f8-43b8-bb9a-827f446cb3c7]: IDLE {"metadata":{"emulator":{"name":"functions"},"message":"[worker-us-central1-send_email-baabc144-33f8-43b8-bb9a-827f446cb3c7]: IDLE"}}
[debug] [2021-06-30T08:09:00.487Z] [work-queue] {"queueLength":0,"workRunningCount":0}
[info] >  node:_http_outgoing:573 {"user":"node:_http_outgoing:573","metadata":{"emulator":{"name":"functions"},"function":{"name":"us-central1-send_email"},"message":"\u001b[90m> \u001b[39m node:_http_outgoing:573"}}
[info] >      throw new ERR_HTTP_HEADERS_SENT('set'); {"user":"    throw new ERR_HTTP_HEADERS_SENT('set');","metadata":{"emulator":{"name":"functions"},"function":{"name":"us-central1-send_email"},"message":"\u001b[90m> \u001b[39m     throw new ERR_HTTP_HEADERS_SENT('set');"}}
[info] >      ^ {"user":"    ^","metadata":{"emulator":{"name":"functions"},"function":{"name":"us-central1-send_email"},"message":"\u001b[90m> \u001b[39m     ^"}}
[info] >   {"user":"","metadata":{"emulator":{"name":"functions"},"function":{"name":"us-central1-send_email"},"message":"\u001b[90m> \u001b[39m "}}
[info] >  Error [ERR_HTTP_HEADERS_SENT]: Cannot set headers after they are sent to the client {"user":"Error [ERR_HTTP_HEADERS_SENT]: Cannot set headers after they are sent to the client","metadata":{"emulator":{"name":"functions"},"function":{"name":"us-central1-send_email"},"message":"\u001b[90m> \u001b[39m Error [ERR_HTTP_HEADERS_SENT]: Cannot set headers after they are sent to the client"}}
[info] >      at new NodeError (node:internal/errors:363:5) {"user":"    at new NodeError (node:internal/errors:363:5)","metadata":{"emulator":{"name":"functions"},"function":{"name":"us-central1-send_email"},"message":"\u001b[90m> \u001b[39m     at new NodeError (node:internal/errors:363:5)"}}
[info] >      at ServerResponse.setHeader (node:_http_outgoing:573:11) {"user":"    at ServerResponse.setHeader (node:_http_outgoing:573:11)","metadata":{"emulator":{"name":"functions"},"function":{"name":"us-central1-send_email"},"message":"\u001b[90m> \u001b[39m     at ServerResponse.setHeader (node:_http_outgoing:573:11)"}}
[info] >      at ServerResponse.header (/home/salman/.config/yarn/global/node_modules/express/lib/response.js:771:10) {"user":"    at ServerResponse.header (/home/salman/.config/yarn/global/node_modules/express/lib/response.js:771:10)","metadata":{"emulator":{"name":"functions"},"function":{"name":"us-central1-send_email"},"message":"\u001b[90m> \u001b[39m     at ServerResponse.header (/home/salman/.config/yarn/global/node_modules/express/lib/response.js:771:10)"}}
[info] >      at ServerResponse.send (/home/salman/.config/yarn/global/node_modules/express/lib/response.js:170:12) {"user":"    at ServerResponse.send (/home/salman/.config/yarn/global/node_modules/express/lib/response.js:170:12)","metadata":{"emulator":{"name":"functions"},"function":{"name":"us-central1-send_email"},"message":"\u001b[90m> \u001b[39m     at ServerResponse.send (/home/salman/.config/yarn/global/node_modules/express/lib/response.js:170:12)"}}
[info] >      at ServerResponse.json (/home/salman/.config/yarn/global/node_modules/express/lib/response.js:267:15) {"user":"    at ServerResponse.json (/home/salman/.config/yarn/global/node_modules/express/lib/response.js:267:15)","metadata":{"emulator":{"name":"functions"},"function":{"name":"us-central1-send_email"},"message":"\u001b[90m> \u001b[39m     at ServerResponse.json (/home/salman/.config/yarn/global/node_modules/express/lib/response.js:267:15)"}}
[info] >      at Request.callback (/mnt/internal/git/yy_ventures/3ZC-backend/functions/index.js:18:15) {"user":"    at Request.callback (/mnt/internal/git/yy_ventures/3ZC-backend/functions/index.js:18:15)","metadata":{"emulator":{"name":"functions"},"function":{"name":"us-central1-send_email"},"message":"\u001b[90m> \u001b[39m     at Request.callback (/mnt/internal/git/yy_ventures/3ZC-backend/functions/index.js:18:15)"}}
[info] >      at IncomingMessage.<anonymous> (/mnt/internal/git/yy_ventures/3ZC-backend/functions/node_modules/mailgun-js/lib/request.js:331:19) {"user":"    at IncomingMessage.<anonymous> (/mnt/internal/git/yy_ventures/3ZC-backend/functions/node_modules/mailgun-js/lib/request.js:331:19)","metadata":{"emulator":{"name":"functions"},"function":{"name":"us-central1-send_email"},"message":"\u001b[90m> \u001b[39m     at IncomingMessage.<anonymous> (/mnt/internal/git/yy_ventures/3ZC-backend/functions/node_modules/mailgun-js/lib/request.js:331:19)"}}
[info] >      at IncomingMessage.emit (node:events:406:35) {"user":"    at IncomingMessage.emit (node:events:406:35)","metadata":{"emulator":{"name":"functions"},"function":{"name":"us-central1-send_email"},"message":"\u001b[90m> \u001b[39m     at IncomingMessage.emit (node:events:406:35)"}}
[info] >      at endReadableNT (node:internal/streams/readable:1329:12) {"user":"    at endReadableNT (node:internal/streams/readable:1329:12)","metadata":{"emulator":{"name":"functions"},"function":{"name":"us-central1-send_email"},"message":"\u001b[90m> \u001b[39m     at endReadableNT (node:internal/streams/readable:1329:12)"}}
[info] >      at processTicksAndRejections (node:internal/process/task_queues:83:21) { {"user":"    at processTicksAndRejections (node:internal/process/task_queues:83:21) {","metadata":{"emulator":{"name":"functions"},"function":{"name":"us-central1-send_email"},"message":"\u001b[90m> \u001b[39m     at processTicksAndRejections (node:internal/process/task_queues:83:21) {"}}
[info] >    code: 'ERR_HTTP_HEADERS_SENT' {"user":"  code: 'ERR_HTTP_HEADERS_SENT'","metadata":{"emulator":{"name":"functions"},"function":{"name":"us-central1-send_email"},"message":"\u001b[90m> \u001b[39m   code: 'ERR_HTTP_HEADERS_SENT'"}}
[info] >  } {"user":"}","metadata":{"emulator":{"name":"functions"},"function":{"name":"us-central1-send_email"},"message":"\u001b[90m> \u001b[39m }"}}
[debug] [2021-06-30T08:09:01.912Z] [worker-us-central1-send_email-baabc144-33f8-43b8-bb9a-827f446cb3c7]: exited {"metadata":{"emulator":{"name":"functions"},"message":"[worker-us-central1-send_email-baabc144-33f8-43b8-bb9a-827f446cb3c7]: exited"}}
[debug] [2021-06-30T08:09:01.912Z] [worker-us-central1-send_email-baabc144-33f8-43b8-bb9a-827f446cb3c7]: FINISHED {"metadata":{"emulator":{"name":"functions"},"message":"[worker-us-central1-send_email-baabc144-33f8-43b8-bb9a-827f446cb3c7]: FINISHED"}}
[debug] [2021-06-30T08:22:56.764Z] [work-queue] {"queueLength":1,"workRunningCount":0}
[debug] [2021-06-30T08:22:56.765Z] [work-queue] {"queueLength":0,"workRunningCount":1}
[debug] [2021-06-30T08:22:56.765Z] Accepted request OPTIONS /three-zero-club/us-central1/send_email --> us-central1-send_email
[debug] [2021-06-30T08:22:56.766Z] [worker-pool] Cleaned up workers for us-central1-send_email: 1 --> 0 {"metadata":{"emulator":{"name":"functions"},"message":"[worker-pool] Cleaned up workers for us-central1-send_email: 1 --> 0"}}
[debug] [2021-06-30T08:22:56.776Z] [worker-pool] addWorker(us-central1-send_email) {"metadata":{"emulator":{"name":"functions"},"message":"[worker-pool] addWorker(us-central1-send_email)"}}
[debug] [2021-06-30T08:22:56.776Z] [worker-pool] Adding worker with key us-central1-send_email, total=1 {"metadata":{"emulator":{"name":"functions"},"message":"[worker-pool] Adding worker with key us-central1-send_email, total=1"}}
[debug] [2021-06-30T08:22:56.776Z] [worker-pool] submitWork(triggerId=us-central1-send_email) {"metadata":{"emulator":{"name":"functions"},"message":"[worker-pool] submitWork(triggerId=us-central1-send_email)"}}
[debug] [2021-06-30T08:22:56.777Z] [worker-us-central1-send_email-4b73d889-5d52-4c42-a453-622b0b6607f0]: Assigning socketPath: /tmp/fire_emu_10726.sock {"metadata":{"emulator":{"name":"functions"},"message":"[worker-us-central1-send_email-4b73d889-5d52-4c42-a453-622b0b6607f0]: Assigning socketPath: /tmp/fire_emu_10726.sock"}}
[debug] [2021-06-30T08:22:56.777Z] [worker-us-central1-send_email-4b73d889-5d52-4c42-a453-622b0b6607f0]: BUSY {"metadata":{"emulator":{"name":"functions"},"message":"[worker-us-central1-send_email-4b73d889-5d52-4c42-a453-622b0b6607f0]: BUSY"}}
[debug] [2021-06-30T08:22:56.998Z] [runtime-status] [10726] Functions runtime initialized. {"cwd":"/mnt/internal/git/yy_ventures/3ZC-backend/functions","node_version":"16.4.0"} {"metadata":{"emulator":{"name":"functions"},"function":{"name":"us-central1-send_email"},"message":"[runtime-status] [10726] Functions runtime initialized. {\"cwd\":\"/mnt/internal/git/yy_ventures/3ZC-backend/functions\",\"node_version\":\"16.4.0\"}"}}
[debug] [2021-06-30T08:22:57.001Z] [runtime-status] [10726] Disabled runtime features: undefined {"metadata":{"emulator":{"name":"functions"},"function":{"name":"us-central1-send_email"},"message":"[runtime-status] [10726] Disabled runtime features: undefined"}}
[debug] [2021-06-30T08:22:57.004Z] [runtime-status] [10726] Resolved module firebase-admin {"declared":true,"installed":true,"version":"9.10.0","resolution":"/mnt/internal/git/yy_ventures/3ZC-backend/functions/node_modules/firebase-admin/lib/index.js"} {"metadata":{"emulator":{"name":"functions"},"function":{"name":"us-central1-send_email"},"message":"[runtime-status] [10726] Resolved module firebase-admin {\"declared\":true,\"installed\":true,\"version\":\"9.10.0\",\"resolution\":\"/mnt/internal/git/yy_ventures/3ZC-backend/functions/node_modules/firebase-admin/lib/index.js\"}"}}
[debug] [2021-06-30T08:22:57.006Z] [runtime-status] [10726] Resolved module firebase-functions {"declared":true,"installed":true,"version":"3.14.1","resolution":"/mnt/internal/git/yy_ventures/3ZC-backend/functions/node_modules/firebase-functions/lib/index.js"} {"metadata":{"emulator":{"name":"functions"},"function":{"name":"us-central1-send_email"},"message":"[runtime-status] [10726] Resolved module firebase-functions {\"declared\":true,\"installed\":true,\"version\":\"3.14.1\",\"resolution\":\"/mnt/internal/git/yy_ventures/3ZC-backend/functions/node_modules/firebase-functions/lib/index.js\"}"}}
[debug] [2021-06-30T08:22:57.007Z] [runtime-status] [10726] Resolved module firebase-functions {"declared":true,"installed":true,"version":"3.14.1","resolution":"/mnt/internal/git/yy_ventures/3ZC-backend/functions/node_modules/firebase-functions/lib/index.js"} {"metadata":{"emulator":{"name":"functions"},"function":{"name":"us-central1-send_email"},"message":"[runtime-status] [10726] Resolved module firebase-functions {\"declared\":true,\"installed\":true,\"version\":\"3.14.1\",\"resolution\":\"/mnt/internal/git/yy_ventures/3ZC-backend/functions/node_modules/firebase-functions/lib/index.js\"}"}}
[debug] [2021-06-30T08:22:57.011Z] [runtime-status] [10726] Outgoing network have been stubbed. [{"name":"http","status":"mocked"},{"name":"http","status":"mocked"},{"name":"https","status":"mocked"},{"name":"https","status":"mocked"},{"name":"net","status":"mocked"}] {"metadata":{"emulator":{"name":"functions"},"function":{"name":"us-central1-send_email"},"message":"[runtime-status] [10726] Outgoing network have been stubbed. [{\"name\":\"http\",\"status\":\"mocked\"},{\"name\":\"http\",\"status\":\"mocked\"},{\"name\":\"https\",\"status\":\"mocked\"},{\"name\":\"https\",\"status\":\"mocked\"},{\"name\":\"net\",\"status\":\"mocked\"}]"}}
[debug] [2021-06-30T08:22:57.013Z] [runtime-status] [10726] Resolved module firebase-functions {"declared":true,"installed":true,"version":"3.14.1","resolution":"/mnt/internal/git/yy_ventures/3ZC-backend/functions/node_modules/firebase-functions/lib/index.js"} {"metadata":{"emulator":{"name":"functions"},"function":{"name":"us-central1-send_email"},"message":"[runtime-status] [10726] Resolved module firebase-functions {\"declared\":true,\"installed\":true,\"version\":\"3.14.1\",\"resolution\":\"/mnt/internal/git/yy_ventures/3ZC-backend/functions/node_modules/firebase-functions/lib/index.js\"}"}}
[debug] [2021-06-30T08:22:57.077Z] [runtime-status] [10726] Checked functions.config() {"config":{}} {"metadata":{"emulator":{"name":"functions"},"function":{"name":"us-central1-send_email"},"message":"[runtime-status] [10726] Checked functions.config() {\"config\":{}}"}}
[debug] [2021-06-30T08:22:57.078Z] [runtime-status] [10726] firebase-functions has been stubbed. {"functionsResolution":{"declared":true,"installed":true,"version":"3.14.1","resolution":"/mnt/internal/git/yy_ventures/3ZC-backend/functions/node_modules/firebase-functions/lib/index.js"}} {"metadata":{"emulator":{"name":"functions"},"function":{"name":"us-central1-send_email"},"message":"[runtime-status] [10726] firebase-functions has been stubbed. {\"functionsResolution\":{\"declared\":true,\"installed\":true,\"version\":\"3.14.1\",\"resolution\":\"/mnt/internal/git/yy_ventures/3ZC-backend/functions/node_modules/firebase-functions/lib/index.js\"}}"}}
[debug] [2021-06-30T08:22:57.079Z] [runtime-status] [10726] Resolved module firebase-functions {"declared":true,"installed":true,"version":"3.14.1","resolution":"/mnt/internal/git/yy_ventures/3ZC-backend/functions/node_modules/firebase-functions/lib/index.js"} {"metadata":{"emulator":{"name":"functions"},"function":{"name":"us-central1-send_email"},"message":"[runtime-status] [10726] Resolved module firebase-functions {\"declared\":true,\"installed\":true,\"version\":\"3.14.1\",\"resolution\":\"/mnt/internal/git/yy_ventures/3ZC-backend/functions/node_modules/firebase-functions/lib/index.js\"}"}}
[debug] [2021-06-30T08:22:57.080Z] [runtime-status] [10726] Resolved module firebase-admin {"declared":true,"installed":true,"version":"9.10.0","resolution":"/mnt/internal/git/yy_ventures/3ZC-backend/functions/node_modules/firebase-admin/lib/index.js"} {"metadata":{"emulator":{"name":"functions"},"function":{"name":"us-central1-send_email"},"message":"[runtime-status] [10726] Resolved module firebase-admin {\"declared\":true,\"installed\":true,\"version\":\"9.10.0\",\"resolution\":\"/mnt/internal/git/yy_ventures/3ZC-backend/functions/node_modules/firebase-admin/lib/index.js\"}"}}
[debug] [2021-06-30T08:22:57.082Z] [runtime-status] [10726] Resolved module firebase-functions {"declared":true,"installed":true,"version":"3.14.1","resolution":"/mnt/internal/git/yy_ventures/3ZC-backend/functions/node_modules/firebase-functions/lib/index.js"} {"metadata":{"emulator":{"name":"functions"},"function":{"name":"us-central1-send_email"},"message":"[runtime-status] [10726] Resolved module firebase-functions {\"declared\":true,\"installed\":true,\"version\":\"3.14.1\",\"resolution\":\"/mnt/internal/git/yy_ventures/3ZC-backend/functions/node_modules/firebase-functions/lib/index.js\"}"}}
[debug] [2021-06-30T08:22:57.083Z] [runtime-status] [10726] firebase-admin has been stubbed. {"adminResolution":{"declared":true,"installed":true,"version":"9.10.0","resolution":"/mnt/internal/git/yy_ventures/3ZC-backend/functions/node_modules/firebase-admin/lib/index.js"}} {"metadata":{"emulator":{"name":"functions"},"function":{"name":"us-central1-send_email"},"message":"[runtime-status] [10726] firebase-admin has been stubbed. {\"adminResolution\":{\"declared\":true,\"installed\":true,\"version\":\"9.10.0\",\"resolution\":\"/mnt/internal/git/yy_ventures/3ZC-backend/functions/node_modules/firebase-admin/lib/index.js\"}}"}}
[debug] [2021-06-30T08:22:57.299Z] [runtime-status] [10726] initializeApp(DEFAULT) {"storageBucket":"three-zero-club.appspot.com","databaseURL":"https://three-zero-club-default-rtdb.firebaseio.com","projectId":"three-zero-club"} {"metadata":{"emulator":{"name":"functions"},"function":{"name":"us-central1-send_email"},"message":"[runtime-status] [10726] initializeApp(DEFAULT) {\"storageBucket\":\"three-zero-club.appspot.com\",\"databaseURL\":\"https://three-zero-club-default-rtdb.firebaseio.com\",\"projectId\":\"three-zero-club\"}"}}
[debug] [2021-06-30T08:22:57.330Z] [runtime-status] [10726] Trigger "us-central1-send_email" has been found, beginning invocation! {"metadata":{"emulator":{"name":"functions"},"function":{"name":"us-central1-send_email"},"message":"[runtime-status] [10726] Trigger \"us-central1-send_email\" has been found, beginning invocation!"}}
[info] i  functions: Beginning execution of "us-central1-send_email" {"metadata":{"emulator":{"name":"functions"},"function":{"name":"us-central1-send_email"},"message":"Beginning execution of \"us-central1-send_email\""}}
[debug] [2021-06-30T08:22:57.331Z] [runtime-status] [10726] triggerDefinition {"httpsTrigger":{},"name":"send_email","entryPoint":"send_email","regions":["us-central1"],"region":"us-central1","id":"us-central1-send_email"} {"metadata":{"emulator":{"name":"functions"},"function":{"name":"us-central1-send_email"},"message":"[runtime-status] [10726] triggerDefinition {\"httpsTrigger\":{},\"name\":\"send_email\",\"entryPoint\":\"send_email\",\"regions\":[\"us-central1\"],\"region\":\"us-central1\",\"id\":\"us-central1-send_email\"}"}}
[debug] [2021-06-30T08:22:57.331Z] [runtime-status] [10726] Running us-central1-send_email in mode HTTPS {"metadata":{"emulator":{"name":"functions"},"function":{"name":"us-central1-send_email"},"message":"[runtime-status] [10726] Running us-central1-send_email in mode HTTPS"}}
[debug] [2021-06-30T08:22:57.336Z] [runtime-status] [10726] Attempting to listen to socketPath: /tmp/fire_emu_10726.sock {"metadata":{"emulator":{"name":"functions"},"function":{"name":"us-central1-send_email"},"message":"[runtime-status] [10726] Attempting to listen to socketPath: /tmp/fire_emu_10726.sock"}}
[debug] [2021-06-30T08:22:57.342Z] [functions] Runtime ready! Sending request! {"metadata":{"emulator":{"name":"functions"},"message":"[functions] Runtime ready! Sending request!"}}
[debug] [2021-06-30T08:22:57.342Z] [functions] Got req.url=/three-zero-club/us-central1/send_email, mapping to path=/ {"metadata":{"emulator":{"name":"functions"},"message":"[functions] Got req.url=/three-zero-club/us-central1/send_email, mapping to path=/"}}
[debug] [2021-06-30T08:22:57.354Z] [runtime-status] [10726] Ephemeral server handling OPTIONS request {"metadata":{"emulator":{"name":"functions"},"function":{"name":"us-central1-send_email"},"message":"[runtime-status] [10726] Ephemeral server handling OPTIONS request"}}
[debug] [2021-06-30T08:22:57.363Z] [work-queue] {"queueLength":1,"workRunningCount":1}
[debug] [2021-06-30T08:22:57.363Z] [work-queue] {"queueLength":0,"workRunningCount":2}
[debug] [2021-06-30T08:22:57.363Z] Accepted request POST /three-zero-club/us-central1/send_email --> us-central1-send_email
[debug] [2021-06-30T08:22:57.372Z] [worker-pool] addWorker(us-central1-send_email) {"metadata":{"emulator":{"name":"functions"},"message":"[worker-pool] addWorker(us-central1-send_email)"}}
[debug] [2021-06-30T08:22:57.375Z] [worker-pool] Adding worker with key us-central1-send_email, total=2 {"metadata":{"emulator":{"name":"functions"},"message":"[worker-pool] Adding worker with key us-central1-send_email, total=2"}}
[debug] [2021-06-30T08:22:57.375Z] [worker-pool] submitWork(triggerId=us-central1-send_email) {"metadata":{"emulator":{"name":"functions"},"message":"[worker-pool] submitWork(triggerId=us-central1-send_email)"}}
[debug] [2021-06-30T08:22:57.376Z] [worker-us-central1-send_email-afb26cce-f15a-4b46-b839-c685b40e9924]: Assigning socketPath: /tmp/fire_emu_10739.sock {"metadata":{"emulator":{"name":"functions"},"message":"[worker-us-central1-send_email-afb26cce-f15a-4b46-b839-c685b40e9924]: Assigning socketPath: /tmp/fire_emu_10739.sock"}}
[debug] [2021-06-30T08:22:57.376Z] [worker-us-central1-send_email-afb26cce-f15a-4b46-b839-c685b40e9924]: BUSY {"metadata":{"emulator":{"name":"functions"},"message":"[worker-us-central1-send_email-afb26cce-f15a-4b46-b839-c685b40e9924]: BUSY"}}
[debug] [2021-06-30T08:22:57.377Z] [runtime-status] [10726] Ephemeral server survived. {"metadata":{"emulator":{"name":"functions"},"function":{"name":"us-central1-send_email"},"message":"[runtime-status] [10726] Ephemeral server survived."}}
[info] i  functions: Finished "us-central1-send_email" in ~1s {"metadata":{"emulator":{"name":"functions"},"function":{"name":"us-central1-send_email"},"message":"Finished \"us-central1-send_email\" in ~1s"}}
[debug] [2021-06-30T08:22:57.378Z] [worker-us-central1-send_email-4b73d889-5d52-4c42-a453-622b0b6607f0]: IDLE {"metadata":{"emulator":{"name":"functions"},"message":"[worker-us-central1-send_email-4b73d889-5d52-4c42-a453-622b0b6607f0]: IDLE"}}
[debug] [2021-06-30T08:22:57.379Z] [work-queue] {"queueLength":0,"workRunningCount":1}
[debug] [2021-06-30T08:22:57.598Z] [runtime-status] [10739] Functions runtime initialized. {"cwd":"/mnt/internal/git/yy_ventures/3ZC-backend/functions","node_version":"16.4.0"} {"metadata":{"emulator":{"name":"functions"},"function":{"name":"us-central1-send_email"},"message":"[runtime-status] [10739] Functions runtime initialized. {\"cwd\":\"/mnt/internal/git/yy_ventures/3ZC-backend/functions\",\"node_version\":\"16.4.0\"}"}}
[debug] [2021-06-30T08:22:57.599Z] [runtime-status] [10739] Disabled runtime features: undefined {"metadata":{"emulator":{"name":"functions"},"function":{"name":"us-central1-send_email"},"message":"[runtime-status] [10739] Disabled runtime features: undefined"}}
[debug] [2021-06-30T08:22:57.602Z] [runtime-status] [10739] Resolved module firebase-admin {"declared":true,"installed":true,"version":"9.10.0","resolution":"/mnt/internal/git/yy_ventures/3ZC-backend/functions/node_modules/firebase-admin/lib/index.js"} {"metadata":{"emulator":{"name":"functions"},"function":{"name":"us-central1-send_email"},"message":"[runtime-status] [10739] Resolved module firebase-admin {\"declared\":true,\"installed\":true,\"version\":\"9.10.0\",\"resolution\":\"/mnt/internal/git/yy_ventures/3ZC-backend/functions/node_modules/firebase-admin/lib/index.js\"}"}}
[debug] [2021-06-30T08:22:57.604Z] [runtime-status] [10739] Resolved module firebase-functions {"declared":true,"installed":true,"version":"3.14.1","resolution":"/mnt/internal/git/yy_ventures/3ZC-backend/functions/node_modules/firebase-functions/lib/index.js"} {"metadata":{"emulator":{"name":"functions"},"function":{"name":"us-central1-send_email"},"message":"[runtime-status] [10739] Resolved module firebase-functions {\"declared\":true,\"installed\":true,\"version\":\"3.14.1\",\"resolution\":\"/mnt/internal/git/yy_ventures/3ZC-backend/functions/node_modules/firebase-functions/lib/index.js\"}"}}
[debug] [2021-06-30T08:22:57.605Z] [runtime-status] [10739] Resolved module firebase-functions {"declared":true,"installed":true,"version":"3.14.1","resolution":"/mnt/internal/git/yy_ventures/3ZC-backend/functions/node_modules/firebase-functions/lib/index.js"} {"metadata":{"emulator":{"name":"functions"},"function":{"name":"us-central1-send_email"},"message":"[runtime-status] [10739] Resolved module firebase-functions {\"declared\":true,\"installed\":true,\"version\":\"3.14.1\",\"resolution\":\"/mnt/internal/git/yy_ventures/3ZC-backend/functions/node_modules/firebase-functions/lib/index.js\"}"}}
[debug] [2021-06-30T08:22:57.608Z] [runtime-status] [10739] Outgoing network have been stubbed. [{"name":"http","status":"mocked"},{"name":"http","status":"mocked"},{"name":"https","status":"mocked"},{"name":"https","status":"mocked"},{"name":"net","status":"mocked"}] {"metadata":{"emulator":{"name":"functions"},"function":{"name":"us-central1-send_email"},"message":"[runtime-status] [10739] Outgoing network have been stubbed. [{\"name\":\"http\",\"status\":\"mocked\"},{\"name\":\"http\",\"status\":\"mocked\"},{\"name\":\"https\",\"status\":\"mocked\"},{\"name\":\"https\",\"status\":\"mocked\"},{\"name\":\"net\",\"status\":\"mocked\"}]"}}
[debug] [2021-06-30T08:22:57.610Z] [runtime-status] [10739] Resolved module firebase-functions {"declared":true,"installed":true,"version":"3.14.1","resolution":"/mnt/internal/git/yy_ventures/3ZC-backend/functions/node_modules/firebase-functions/lib/index.js"} {"metadata":{"emulator":{"name":"functions"},"function":{"name":"us-central1-send_email"},"message":"[runtime-status] [10739] Resolved module firebase-functions {\"declared\":true,\"installed\":true,\"version\":\"3.14.1\",\"resolution\":\"/mnt/internal/git/yy_ventures/3ZC-backend/functions/node_modules/firebase-functions/lib/index.js\"}"}}
[debug] [2021-06-30T08:22:57.671Z] [runtime-status] [10739] Checked functions.config() {"config":{}} {"metadata":{"emulator":{"name":"functions"},"function":{"name":"us-central1-send_email"},"message":"[runtime-status] [10739] Checked functions.config() {\"config\":{}}"}}
[debug] [2021-06-30T08:22:57.672Z] [runtime-status] [10739] firebase-functions has been stubbed. {"functionsResolution":{"declared":true,"installed":true,"version":"3.14.1","resolution":"/mnt/internal/git/yy_ventures/3ZC-backend/functions/node_modules/firebase-functions/lib/index.js"}} {"metadata":{"emulator":{"name":"functions"},"function":{"name":"us-central1-send_email"},"message":"[runtime-status] [10739] firebase-functions has been stubbed. {\"functionsResolution\":{\"declared\":true,\"installed\":true,\"version\":\"3.14.1\",\"resolution\":\"/mnt/internal/git/yy_ventures/3ZC-backend/functions/node_modules/firebase-functions/lib/index.js\"}}"}}
[debug] [2021-06-30T08:22:57.673Z] [runtime-status] [10739] Resolved module firebase-functions {"declared":true,"installed":true,"version":"3.14.1","resolution":"/mnt/internal/git/yy_ventures/3ZC-backend/functions/node_modules/firebase-functions/lib/index.js"} {"metadata":{"emulator":{"name":"functions"},"function":{"name":"us-central1-send_email"},"message":"[runtime-status] [10739] Resolved module firebase-functions {\"declared\":true,\"installed\":true,\"version\":\"3.14.1\",\"resolution\":\"/mnt/internal/git/yy_ventures/3ZC-backend/functions/node_modules/firebase-functions/lib/index.js\"}"}}
[debug] [2021-06-30T08:22:57.674Z] [runtime-status] [10739] Resolved module firebase-admin {"declared":true,"installed":true,"version":"9.10.0","resolution":"/mnt/internal/git/yy_ventures/3ZC-backend/functions/node_modules/firebase-admin/lib/index.js"} {"metadata":{"emulator":{"name":"functions"},"function":{"name":"us-central1-send_email"},"message":"[runtime-status] [10739] Resolved module firebase-admin {\"declared\":true,\"installed\":true,\"version\":\"9.10.0\",\"resolution\":\"/mnt/internal/git/yy_ventures/3ZC-backend/functions/node_modules/firebase-admin/lib/index.js\"}"}}
[debug] [2021-06-30T08:22:57.674Z] [runtime-status] [10739] Resolved module firebase-functions {"declared":true,"installed":true,"version":"3.14.1","resolution":"/mnt/internal/git/yy_ventures/3ZC-backend/functions/node_modules/firebase-functions/lib/index.js"} {"metadata":{"emulator":{"name":"functions"},"function":{"name":"us-central1-send_email"},"message":"[runtime-status] [10739] Resolved module firebase-functions {\"declared\":true,\"installed\":true,\"version\":\"3.14.1\",\"resolution\":\"/mnt/internal/git/yy_ventures/3ZC-backend/functions/node_modules/firebase-functions/lib/index.js\"}"}}
[debug] [2021-06-30T08:22:57.678Z] [runtime-status] [10739] firebase-admin has been stubbed. {"adminResolution":{"declared":true,"installed":true,"version":"9.10.0","resolution":"/mnt/internal/git/yy_ventures/3ZC-backend/functions/node_modules/firebase-admin/lib/index.js"}} {"metadata":{"emulator":{"name":"functions"},"function":{"name":"us-central1-send_email"},"message":"[runtime-status] [10739] firebase-admin has been stubbed. {\"adminResolution\":{\"declared\":true,\"installed\":true,\"version\":\"9.10.0\",\"resolution\":\"/mnt/internal/git/yy_ventures/3ZC-backend/functions/node_modules/firebase-admin/lib/index.js\"}}"}}
[debug] [2021-06-30T08:22:57.898Z] [runtime-status] [10739] initializeApp(DEFAULT) {"storageBucket":"three-zero-club.appspot.com","databaseURL":"https://three-zero-club-default-rtdb.firebaseio.com","projectId":"three-zero-club"} {"metadata":{"emulator":{"name":"functions"},"function":{"name":"us-central1-send_email"},"message":"[runtime-status] [10739] initializeApp(DEFAULT) {\"storageBucket\":\"three-zero-club.appspot.com\",\"databaseURL\":\"https://three-zero-club-default-rtdb.firebaseio.com\",\"projectId\":\"three-zero-club\"}"}}
[debug] [2021-06-30T08:22:57.930Z] [runtime-status] [10739] Trigger "us-central1-send_email" has been found, beginning invocation! {"metadata":{"emulator":{"name":"functions"},"function":{"name":"us-central1-send_email"},"message":"[runtime-status] [10739] Trigger \"us-central1-send_email\" has been found, beginning invocation!"}}
[info] i  functions: Beginning execution of "us-central1-send_email" {"metadata":{"emulator":{"name":"functions"},"function":{"name":"us-central1-send_email"},"message":"Beginning execution of \"us-central1-send_email\""}}
[debug] [2021-06-30T08:22:57.931Z] [runtime-status] [10739] triggerDefinition {"httpsTrigger":{},"name":"send_email","entryPoint":"send_email","regions":["us-central1"],"region":"us-central1","id":"us-central1-send_email"} {"metadata":{"emulator":{"name":"functions"},"function":{"name":"us-central1-send_email"},"message":"[runtime-status] [10739] triggerDefinition {\"httpsTrigger\":{},\"name\":\"send_email\",\"entryPoint\":\"send_email\",\"regions\":[\"us-central1\"],\"region\":\"us-central1\",\"id\":\"us-central1-send_email\"}"}}
[debug] [2021-06-30T08:22:57.931Z] [runtime-status] [10739] Running us-central1-send_email in mode HTTPS {"metadata":{"emulator":{"name":"functions"},"function":{"name":"us-central1-send_email"},"message":"[runtime-status] [10739] Running us-central1-send_email in mode HTTPS"}}
[debug] [2021-06-30T08:22:57.937Z] [runtime-status] [10739] Attempting to listen to socketPath: /tmp/fire_emu_10739.sock {"metadata":{"emulator":{"name":"functions"},"function":{"name":"us-central1-send_email"},"message":"[runtime-status] [10739] Attempting to listen to socketPath: /tmp/fire_emu_10739.sock"}}
[debug] [2021-06-30T08:22:57.941Z] [functions] Runtime ready! Sending request! {"metadata":{"emulator":{"name":"functions"},"message":"[functions] Runtime ready! Sending request!"}}
[debug] [2021-06-30T08:22:57.941Z] [functions] Got req.url=/three-zero-club/us-central1/send_email, mapping to path=/ {"metadata":{"emulator":{"name":"functions"},"message":"[functions] Got req.url=/three-zero-club/us-central1/send_email, mapping to path=/"}}
[debug] [2021-06-30T08:22:57.968Z] [runtime-status] [10739] Ephemeral server handling POST request {"metadata":{"emulator":{"name":"functions"},"function":{"name":"us-central1-send_email"},"message":"[runtime-status] [10739] Ephemeral server handling POST request"}}
[debug] [2021-06-30T08:22:58.006Z] [runtime-status] [10739] Ephemeral server survived. {"metadata":{"emulator":{"name":"functions"},"function":{"name":"us-central1-send_email"},"message":"[runtime-status] [10739] Ephemeral server survived."}}
[info] i  functions: Finished "us-central1-send_email" in ~1s {"metadata":{"emulator":{"name":"functions"},"function":{"name":"us-central1-send_email"},"message":"Finished \"us-central1-send_email\" in ~1s"}}
[debug] [2021-06-30T08:22:58.011Z] [worker-us-central1-send_email-afb26cce-f15a-4b46-b839-c685b40e9924]: IDLE {"metadata":{"emulator":{"name":"functions"},"message":"[worker-us-central1-send_email-afb26cce-f15a-4b46-b839-c685b40e9924]: IDLE"}}
[debug] [2021-06-30T08:22:58.011Z] [work-queue] {"queueLength":0,"workRunningCount":0}
[info] >  node:_http_outgoing:573 {"user":"node:_http_outgoing:573","metadata":{"emulator":{"name":"functions"},"function":{"name":"us-central1-send_email"},"message":"\u001b[90m> \u001b[39m node:_http_outgoing:573"}}
[info] >      throw new ERR_HTTP_HEADERS_SENT('set'); {"user":"    throw new ERR_HTTP_HEADERS_SENT('set');","metadata":{"emulator":{"name":"functions"},"function":{"name":"us-central1-send_email"},"message":"\u001b[90m> \u001b[39m     throw new ERR_HTTP_HEADERS_SENT('set');"}}
[info] >      ^ {"user":"    ^","metadata":{"emulator":{"name":"functions"},"function":{"name":"us-central1-send_email"},"message":"\u001b[90m> \u001b[39m     ^"}}
[info] >   {"user":"","metadata":{"emulator":{"name":"functions"},"function":{"name":"us-central1-send_email"},"message":"\u001b[90m> \u001b[39m "}}
[info] >  Error [ERR_HTTP_HEADERS_SENT]: Cannot set headers after they are sent to the client {"user":"Error [ERR_HTTP_HEADERS_SENT]: Cannot set headers after they are sent to the client","metadata":{"emulator":{"name":"functions"},"function":{"name":"us-central1-send_email"},"message":"\u001b[90m> \u001b[39m Error [ERR_HTTP_HEADERS_SENT]: Cannot set headers after they are sent to the client"}}
[info] >      at new NodeError (node:internal/errors:363:5) {"user":"    at new NodeError (node:internal/errors:363:5)","metadata":{"emulator":{"name":"functions"},"function":{"name":"us-central1-send_email"},"message":"\u001b[90m> \u001b[39m     at new NodeError (node:internal/errors:363:5)"}}
[info] >      at ServerResponse.setHeader (node:_http_outgoing:573:11) {"user":"    at ServerResponse.setHeader (node:_http_outgoing:573:11)","metadata":{"emulator":{"name":"functions"},"function":{"name":"us-central1-send_email"},"message":"\u001b[90m> \u001b[39m     at ServerResponse.setHeader (node:_http_outgoing:573:11)"}}
[info] >      at ServerResponse.header (/home/salman/.config/yarn/global/node_modules/express/lib/response.js:771:10) {"user":"    at ServerResponse.header (/home/salman/.config/yarn/global/node_modules/express/lib/response.js:771:10)","metadata":{"emulator":{"name":"functions"},"function":{"name":"us-central1-send_email"},"message":"\u001b[90m> \u001b[39m     at ServerResponse.header (/home/salman/.config/yarn/global/node_modules/express/lib/response.js:771:10)"}}
[info] >      at ServerResponse.send (/home/salman/.config/yarn/global/node_modules/express/lib/response.js:170:12) {"user":"    at ServerResponse.send (/home/salman/.config/yarn/global/node_modules/express/lib/response.js:170:12)","metadata":{"emulator":{"name":"functions"},"function":{"name":"us-central1-send_email"},"message":"\u001b[90m> \u001b[39m     at ServerResponse.send (/home/salman/.config/yarn/global/node_modules/express/lib/response.js:170:12)"}}
[info] >      at ServerResponse.json (/home/salman/.config/yarn/global/node_modules/express/lib/response.js:267:15) {"user":"    at ServerResponse.json (/home/salman/.config/yarn/global/node_modules/express/lib/response.js:267:15)","metadata":{"emulator":{"name":"functions"},"function":{"name":"us-central1-send_email"},"message":"\u001b[90m> \u001b[39m     at ServerResponse.json (/home/salman/.config/yarn/global/node_modules/express/lib/response.js:267:15)"}}
[info] >      at Request.callback (/mnt/internal/git/yy_ventures/3ZC-backend/functions/index.js:18:15) {"user":"    at Request.callback (/mnt/internal/git/yy_ventures/3ZC-backend/functions/index.js:18:15)","metadata":{"emulator":{"name":"functions"},"function":{"name":"us-central1-send_email"},"message":"\u001b[90m> \u001b[39m     at Request.callback (/mnt/internal/git/yy_ventures/3ZC-backend/functions/index.js:18:15)"}}
[info] >      at IncomingMessage.<anonymous> (/mnt/internal/git/yy_ventures/3ZC-backend/functions/node_modules/mailgun-js/lib/request.js:331:19) {"user":"    at IncomingMessage.<anonymous> (/mnt/internal/git/yy_ventures/3ZC-backend/functions/node_modules/mailgun-js/lib/request.js:331:19)","metadata":{"emulator":{"name":"functions"},"function":{"name":"us-central1-send_email"},"message":"\u001b[90m> \u001b[39m     at IncomingMessage.<anonymous> (/mnt/internal/git/yy_ventures/3ZC-backend/functions/node_modules/mailgun-js/lib/request.js:331:19)"}}
[info] >      at IncomingMessage.emit (node:events:406:35) {"user":"    at IncomingMessage.emit (node:events:406:35)","metadata":{"emulator":{"name":"functions"},"function":{"name":"us-central1-send_email"},"message":"\u001b[90m> \u001b[39m     at IncomingMessage.emit (node:events:406:35)"}}
[info] >      at endReadableNT (node:internal/streams/readable:1329:12) {"user":"    at endReadableNT (node:internal/streams/readable:1329:12)","metadata":{"emulator":{"name":"functions"},"function":{"name":"us-central1-send_email"},"message":"\u001b[90m> \u001b[39m     at endReadableNT (node:internal/streams/readable:1329:12)"}}
[info] >      at processTicksAndRejections (node:internal/process/task_queues:83:21) { {"user":"    at processTicksAndRejections (node:internal/process/task_queues:83:21) {","metadata":{"emulator":{"name":"functions"},"function":{"name":"us-central1-send_email"},"message":"\u001b[90m> \u001b[39m     at processTicksAndRejections (node:internal/process/task_queues:83:21) {"}}
[info] >    code: 'ERR_HTTP_HEADERS_SENT' {"user":"  code: 'ERR_HTTP_HEADERS_SENT'","metadata":{"emulator":{"name":"functions"},"function":{"name":"us-central1-send_email"},"message":"\u001b[90m> \u001b[39m   code: 'ERR_HTTP_HEADERS_SENT'"}}
[info] >  } {"user":"}","metadata":{"emulator":{"name":"functions"},"function":{"name":"us-central1-send_email"},"message":"\u001b[90m> \u001b[39m }"}}
[debug] [2021-06-30T08:22:59.359Z] [worker-us-central1-send_email-afb26cce-f15a-4b46-b839-c685b40e9924]: exited {"metadata":{"emulator":{"name":"functions"},"message":"[worker-us-central1-send_email-afb26cce-f15a-4b46-b839-c685b40e9924]: exited"}}
[debug] [2021-06-30T08:22:59.359Z] [worker-us-central1-send_email-afb26cce-f15a-4b46-b839-c685b40e9924]: FINISHED {"metadata":{"emulator":{"name":"functions"},"message":"[worker-us-central1-send_email-afb26cce-f15a-4b46-b839-c685b40e9924]: FINISHED"}}
